2020-12-05T14:12:24.105129Z 0 [ERROR] Cannot open Windows EventLog; check privileges, or start server with --log_syslog=0
2020-12-05T14:12:24.664724Z 0 [Warning] InnoDB: New log files created, LSN=45790
2020-12-05T14:12:24.779418Z 0 [Warning] InnoDB: Creating foreign key constraint system tables.
2020-12-05T14:12:24.858893Z 0 [Warning] No existing UUID has been found, so we assume that this is the first time that this server has been started. Generating a new UUID: e60719db-3703-11eb-9575-704d7b64533f.
2020-12-05T14:12:24.868790Z 0 [Warning] Gtid table is not ready to be used. Table 'mysql.gtid_executed' cannot be opened.
2020-12-05T14:12:24.883124Z 1 [Warning] root@localhost is created with an empty password ! Please consider switching off the --initialize-insecure option.
2020-12-05T14:18:36.655506Z 0 [Warning] Insecure configuration for --secure-file-priv: Current value does not restrict location of generated files. Consider setting it to a valid, non-empty path.
2020-12-05T14:18:36.655694Z 0 [ERROR] Cannot open Windows EventLog; check privileges, or start server with --log_syslog=0
2020-12-05T14:18:36.655706Z 0 [Note] C:\laragon\bin\mysql\mysql-5.7.24-winx64\bin\mysqld (mysqld 5.7.24) starting as process 17892 ...
2020-12-05T14:18:36.673374Z 0 [Note] InnoDB: Mutexes and rw_locks use Windows interlocked functions
2020-12-05T14:18:36.674161Z 0 [Note] InnoDB: Uses event mutexes
2020-12-05T14:18:36.674642Z 0 [Note] InnoDB: _mm_lfence() and _mm_sfence() are used for memory barrier
2020-12-05T14:18:36.675418Z 0 [Note] InnoDB: Compressed tables use zlib 1.2.11
2020-12-05T14:18:36.676346Z 0 [Note] InnoDB: Number of pools: 1
2020-12-05T14:18:36.676974Z 0 [Note] InnoDB: Not using CPU crc32 instructions
2020-12-05T14:18:36.680227Z 0 [Note] InnoDB: Initializing buffer pool, total size = 128M, instances = 1, chunk size = 128M
2020-12-05T14:18:36.686785Z 0 [Note] InnoDB: Completed initialization of buffer pool
2020-12-05T14:18:36.717578Z 0 [Note] InnoDB: Highest supported file format is Barracuda.
2020-12-05T14:18:36.724075Z 0 [Note] InnoDB: Log scan progressed past the checkpoint lsn 2591459
2020-12-05T14:18:36.724825Z 0 [Note] InnoDB: Doing recovery: scanned up to log sequence number 2591468
2020-12-05T14:18:36.725603Z 0 [Note] InnoDB: Database was not shutdown normally!
2020-12-05T14:18:36.726212Z 0 [Note] InnoDB: Starting crash recovery.
2020-12-05T14:18:36.986692Z 0 [Note] InnoDB: Removed temporary tablespace data file: "ibtmp1"
2020-12-05T14:18:36.987415Z 0 [Note] InnoDB: Creating shared tablespace for temporary tables
2020-12-05T14:18:36.988356Z 0 [Note] InnoDB: Setting file '.\ibtmp1' size to 12 MB. Physically writing the file full; Please wait ...
2020-12-05T14:18:37.058343Z 0 [Note] InnoDB: File '.\ibtmp1' size is now 12 MB.
2020-12-05T14:18:37.060439Z 0 [Note] InnoDB: 96 redo rollback segment(s) found. 96 redo rollback segment(s) are active.
2020-12-05T14:18:37.061424Z 0 [Note] InnoDB: 32 non-redo rollback segment(s) are active.
2020-12-05T14:18:37.062701Z 0 [Note] InnoDB: Waiting for purge to start
2020-12-05T14:18:37.119895Z 0 [Note] InnoDB: 5.7.24 started; log sequence number 2591468
2020-12-05T14:18:37.120850Z 0 [Note] InnoDB: Loading buffer pool(s) from C:\public_html\data\mysql\ib_buffer_pool
2020-12-05T14:18:37.121041Z 0 [Note] Plugin 'FEDERATED' is disabled.
2020-12-05T14:18:37.135232Z 0 [Warning] Failed to set up SSL because of the following SSL library error: SSL context is not usable without certificate and private key
2020-12-05T14:18:37.136532Z 0 [Note] Server hostname (bind-address): '*'; port: 3306
2020-12-05T14:18:37.137421Z 0 [Note] IPv6 is available.
2020-12-05T14:18:37.137859Z 0 [Note]   - '::' resolves to '::';
2020-12-05T14:18:37.138392Z 0 [Note] Server socket created on IP: '::'.
2020-12-05T14:18:37.234684Z 0 [Note] C:\laragon\bin\mysql\mysql-5.7.24-winx64\bin\mysqld: ready for connections.
Version: '5.7.24'  socket: ''  port: 3306  MySQL Community Server (GPL)
2020-12-05T14:18:37.235468Z 0 [Note] InnoDB: Buffer pool(s) load completed at 201205 15:18:37
2020-12-05T14:18:37.347230Z 0 [Note] C:\laragon\bin\mysql\mysql-5.7.24-winx64\bin\mysqld: Normal shutdown

2020-12-05T14:18:37.348673Z 0 [Note] Giving 0 client threads a chance to die gracefully
2020-12-05T14:18:37.349677Z 0 [Note] Shutting down slave threads
2020-12-05T14:18:37.350197Z 0 [Note] Forcefully disconnecting 0 remaining clients
2020-12-05T14:18:37.351618Z 0 [Note] Binlog end
2020-12-05T14:18:37.352701Z 0 [Note] Shutting down plugin 'ngram'
2020-12-05T14:18:37.353221Z 0 [Note] Shutting down plugin 'partition'
2020-12-05T14:18:37.353777Z 0 [Note] Shutting down plugin 'BLACKHOLE'
2020-12-05T14:18:37.354455Z 0 [Note] Shutting down plugin 'ARCHIVE'
2020-12-05T14:18:37.355089Z 0 [Note] Shutting down plugin 'PERFORMANCE_SCHEMA'
2020-12-05T14:18:37.355703Z 0 [Note] Shutting down plugin 'MRG_MYISAM'
2020-12-05T14:18:37.356242Z 0 [Note] Shutting down plugin 'MyISAM'
2020-12-05T14:18:37.356758Z 0 [Note] Shutting down plugin 'INNODB_SYS_VIRTUAL'
2020-12-05T14:18:37.357356Z 0 [Note] Shutting down plugin 'INNODB_SYS_DATAFILES'
2020-12-05T14:18:37.358053Z 0 [Note] Shutting down plugin 'INNODB_SYS_TABLESPACES'
2020-12-05T14:18:37.358746Z 0 [Note] Shutting down plugin 'INNODB_SYS_FOREIGN_COLS'
2020-12-05T14:18:37.359464Z 0 [Note] Shutting down plugin 'INNODB_SYS_FOREIGN'
2020-12-05T14:18:37.360062Z 0 [Note] Shutting down plugin 'INNODB_SYS_FIELDS'
2020-12-05T14:18:37.360670Z 0 [Note] Shutting down plugin 'INNODB_SYS_COLUMNS'
2020-12-05T14:18:37.361301Z 0 [Note] Shutting down plugin 'INNODB_SYS_INDEXES'
2020-12-05T14:18:37.362278Z 0 [Note] Shutting down plugin 'INNODB_SYS_TABLESTATS'
2020-12-05T14:18:37.363092Z 0 [Note] Shutting down plugin 'INNODB_SYS_TABLES'
2020-12-05T14:18:37.363884Z 0 [Note] Shutting down plugin 'INNODB_FT_INDEX_TABLE'
2020-12-05T14:18:37.364609Z 0 [Note] Shutting down plugin 'INNODB_FT_INDEX_CACHE'
2020-12-05T14:18:37.365245Z 0 [Note] Shutting down plugin 'INNODB_FT_CONFIG'
2020-12-05T14:18:37.365966Z 0 [Note] Shutting down plugin 'INNODB_FT_BEING_DELETED'
2020-12-05T14:18:37.366638Z 0 [Note] Shutting down plugin 'INNODB_FT_DELETED'
2020-12-05T14:18:37.367230Z 0 [Note] Shutting down plugin 'INNODB_FT_DEFAULT_STOPWORD'
2020-12-05T14:18:37.368167Z 0 [Note] Shutting down plugin 'INNODB_METRICS'
2020-12-05T14:18:37.368966Z 0 [Note] Shutting down plugin 'INNODB_TEMP_TABLE_INFO'
2020-12-05T14:18:37.369641Z 0 [Note] Shutting down plugin 'INNODB_BUFFER_POOL_STATS'
2020-12-05T14:18:37.370293Z 0 [Note] Shutting down plugin 'INNODB_BUFFER_PAGE_LRU'
2020-12-05T14:18:37.370931Z 0 [Note] Shutting down plugin 'INNODB_BUFFER_PAGE'
2020-12-05T14:18:37.371529Z 0 [Note] Shutting down plugin 'INNODB_CMP_PER_INDEX_RESET'
2020-12-05T14:18:37.372186Z 0 [Note] Shutting down plugin 'INNODB_CMP_PER_INDEX'
2020-12-05T14:18:37.372814Z 0 [Note] Shutting down plugin 'INNODB_CMPMEM_RESET'
2020-12-05T14:18:37.373420Z 0 [Note] Shutting down plugin 'INNODB_CMPMEM'
2020-12-05T14:18:37.374070Z 0 [Note] Shutting down plugin 'INNODB_CMP_RESET'
2020-12-05T14:18:37.374778Z 0 [Note] Shutting down plugin 'INNODB_CMP'
2020-12-05T14:18:37.375471Z 0 [Note] Shutting down plugin 'INNODB_LOCK_WAITS'
2020-12-05T14:18:37.376074Z 0 [Note] Shutting down plugin 'INNODB_LOCKS'
2020-12-05T14:18:37.376630Z 0 [Note] Shutting down plugin 'INNODB_TRX'
2020-12-05T14:18:37.377254Z 0 [Note] Shutting down plugin 'InnoDB'
2020-12-05T14:18:37.377916Z 0 [Note] InnoDB: FTS optimize thread exiting.
2020-12-05T14:18:37.378904Z 0 [Note] InnoDB: Starting shutdown...
2020-12-05T14:18:37.491547Z 0 [Note] InnoDB: Dumping buffer pool(s) to C:\public_html\data\mysql\ib_buffer_pool
2020-12-05T14:18:37.493247Z 0 [Note] InnoDB: Buffer pool(s) dump completed at 201205 15:18:37
2020-12-05T14:18:38.468704Z 0 [Note] InnoDB: Shutdown completed; log sequence number 2591487
2020-12-05T14:18:38.469686Z 0 [Note] InnoDB: Removed temporary tablespace data file: "ibtmp1"
2020-12-05T14:18:38.470408Z 0 [Note] Shutting down plugin 'MEMORY'
2020-12-05T14:18:38.470983Z 0 [Note] Shutting down plugin 'CSV'
2020-12-05T14:18:38.471483Z 0 [Note] Shutting down plugin 'sha256_password'
2020-12-05T14:18:38.472095Z 0 [Note] Shutting down plugin 'mysql_native_password'
2020-12-05T14:18:38.472790Z 0 [Note] Shutting down plugin 'binlog'
2020-12-05T14:18:38.475392Z 0 [Note] C:\laragon\bin\mysql\mysql-5.7.24-winx64\bin\mysqld: Shutdown complete

