2020-10-12T07:11:40.872357Z 0 [Warning] Insecure configuration for --secure-file-priv: Current value does not restrict location of generated files. Consider setting it to a valid, non-empty path.
2020-10-12T07:11:40.872563Z 0 [ERROR] Cannot open Windows EventLog; check privileges, or start server with --log_syslog=0
2020-10-12T07:11:40.872575Z 0 [Note] C:\Programmes\laragon\bin\mysql\mysql-5.7.24-winx64\bin\mysqld (mysqld 5.7.24) starting as process 14328 ...
2020-10-12T07:11:40.911714Z 0 [Note] InnoDB: Mutexes and rw_locks use Windows interlocked functions
2020-10-12T07:11:40.913360Z 0 [Note] InnoDB: Uses event mutexes
2020-10-12T07:11:40.914361Z 0 [Note] InnoDB: _mm_lfence() and _mm_sfence() are used for memory barrier
2020-10-12T07:11:40.917199Z 0 [Note] InnoDB: Compressed tables use zlib 1.2.11
2020-10-12T07:11:40.918005Z 0 [Note] InnoDB: Number of pools: 1
2020-10-12T07:11:40.918544Z 0 [Note] InnoDB: Not using CPU crc32 instructions
2020-10-12T07:11:40.923429Z 0 [Note] InnoDB: Initializing buffer pool, total size = 128M, instances = 1, chunk size = 128M
2020-10-12T07:11:40.929572Z 0 [Note] InnoDB: Completed initialization of buffer pool
2020-10-12T07:11:40.972930Z 0 [Note] InnoDB: Highest supported file format is Barracuda.
2020-10-12T07:11:40.977170Z 0 [Note] InnoDB: Log scan progressed past the checkpoint lsn 3208471
2020-10-12T07:11:40.977790Z 0 [Note] InnoDB: Doing recovery: scanned up to log sequence number 3208480
2020-10-12T07:11:40.978425Z 0 [Note] InnoDB: Database was not shutdown normally!
2020-10-12T07:11:40.978921Z 0 [Note] InnoDB: Starting crash recovery.
2020-10-12T07:11:41.252852Z 0 [Note] InnoDB: Removed temporary tablespace data file: "ibtmp1"
2020-10-12T07:11:41.253544Z 0 [Note] InnoDB: Creating shared tablespace for temporary tables
2020-10-12T07:11:41.254388Z 0 [Note] InnoDB: Setting file '.\ibtmp1' size to 12 MB. Physically writing the file full; Please wait ...
2020-10-12T07:11:41.284798Z 0 [Note] InnoDB: File '.\ibtmp1' size is now 12 MB.
2020-10-12T07:11:41.286628Z 0 [Note] InnoDB: 96 redo rollback segment(s) found. 96 redo rollback segment(s) are active.
2020-10-12T07:11:41.287367Z 0 [Note] InnoDB: 32 non-redo rollback segment(s) are active.
2020-10-12T07:11:41.294349Z 0 [Note] InnoDB: 5.7.24 started; log sequence number 3208480
2020-10-12T07:11:41.295731Z 0 [Note] InnoDB: Loading buffer pool(s) from C:\public_html\data\mysql\ib_buffer_pool
2020-10-12T07:11:41.297288Z 0 [Note] Plugin 'FEDERATED' is disabled.
2020-10-12T07:11:41.305389Z 0 [Warning] Failed to set up SSL because of the following SSL library error: SSL context is not usable without certificate and private key
2020-10-12T07:11:41.306596Z 0 [Note] Server hostname (bind-address): '*'; port: 3306
2020-10-12T07:11:41.307588Z 0 [Note] IPv6 is available.
2020-10-12T07:11:41.308073Z 0 [Note]   - '::' resolves to '::';
2020-10-12T07:11:41.308590Z 0 [Note] Server socket created on IP: '::'.
2020-10-12T07:11:41.317545Z 0 [Note] InnoDB: Buffer pool(s) load completed at 201012  9:11:41
2020-10-12T07:11:41.332241Z 0 [Note] C:\Programmes\laragon\bin\mysql\mysql-5.7.24-winx64\bin\mysqld: ready for connections.
Version: '5.7.24'  socket: ''  port: 3306  MySQL Community Server (GPL)
2020-10-12T07:11:41.931880Z 0 [Note] C:\Programmes\laragon\bin\mysql\mysql-5.7.24-winx64\bin\mysqld: Normal shutdown

2020-10-12T07:11:41.933230Z 0 [Note] Giving 0 client threads a chance to die gracefully
2020-10-12T07:11:41.934036Z 0 [Note] Shutting down slave threads
2020-10-12T07:11:41.934841Z 0 [Note] Forcefully disconnecting 0 remaining clients
2020-10-12T07:11:41.936103Z 0 [Note] Binlog end
2020-10-12T07:11:41.937562Z 0 [Note] Shutting down plugin 'ngram'
2020-10-12T07:11:41.938178Z 0 [Note] Shutting down plugin 'partition'
2020-10-12T07:11:41.938796Z 0 [Note] Shutting down plugin 'BLACKHOLE'
2020-10-12T07:11:41.939472Z 0 [Note] Shutting down plugin 'ARCHIVE'
2020-10-12T07:11:41.940163Z 0 [Note] Shutting down plugin 'PERFORMANCE_SCHEMA'
2020-10-12T07:11:41.940927Z 0 [Note] Shutting down plugin 'MRG_MYISAM'
2020-10-12T07:11:41.941413Z 0 [Note] Shutting down plugin 'MyISAM'
2020-10-12T07:11:41.941924Z 0 [Note] Shutting down plugin 'INNODB_SYS_VIRTUAL'
2020-10-12T07:11:41.942440Z 0 [Note] Shutting down plugin 'INNODB_SYS_DATAFILES'
2020-10-12T07:11:41.943165Z 0 [Note] Shutting down plugin 'INNODB_SYS_TABLESPACES'
2020-10-12T07:11:41.943797Z 0 [Note] Shutting down plugin 'INNODB_SYS_FOREIGN_COLS'
2020-10-12T07:11:41.944640Z 0 [Note] Shutting down plugin 'INNODB_SYS_FOREIGN'
2020-10-12T07:11:41.945243Z 0 [Note] Shutting down plugin 'INNODB_SYS_FIELDS'
2020-10-12T07:11:41.945743Z 0 [Note] Shutting down plugin 'INNODB_SYS_COLUMNS'
2020-10-12T07:11:41.946400Z 0 [Note] Shutting down plugin 'INNODB_SYS_INDEXES'
2020-10-12T07:11:41.947323Z 0 [Note] Shutting down plugin 'INNODB_SYS_TABLESTATS'
2020-10-12T07:11:41.948257Z 0 [Note] Shutting down plugin 'INNODB_SYS_TABLES'
2020-10-12T07:11:41.949090Z 0 [Note] Shutting down plugin 'INNODB_FT_INDEX_TABLE'
2020-10-12T07:11:41.949903Z 0 [Note] Shutting down plugin 'INNODB_FT_INDEX_CACHE'
2020-10-12T07:11:41.950661Z 0 [Note] Shutting down plugin 'INNODB_FT_CONFIG'
2020-10-12T07:11:41.951605Z 0 [Note] Shutting down plugin 'INNODB_FT_BEING_DELETED'
2020-10-12T07:11:41.952694Z 0 [Note] Shutting down plugin 'INNODB_FT_DELETED'
2020-10-12T07:11:41.953437Z 0 [Note] Shutting down plugin 'INNODB_FT_DEFAULT_STOPWORD'
2020-10-12T07:11:41.954299Z 0 [Note] Shutting down plugin 'INNODB_METRICS'
2020-10-12T07:11:41.955127Z 0 [Note] Shutting down plugin 'INNODB_TEMP_TABLE_INFO'
2020-10-12T07:11:41.956029Z 0 [Note] Shutting down plugin 'INNODB_BUFFER_POOL_STATS'
2020-10-12T07:11:41.957039Z 0 [Note] Shutting down plugin 'INNODB_BUFFER_PAGE_LRU'
2020-10-12T07:11:41.957864Z 0 [Note] Shutting down plugin 'INNODB_BUFFER_PAGE'
2020-10-12T07:11:41.958882Z 0 [Note] Shutting down plugin 'INNODB_CMP_PER_INDEX_RESET'
2020-10-12T07:11:41.959889Z 0 [Note] Shutting down plugin 'INNODB_CMP_PER_INDEX'
2020-10-12T07:11:41.960565Z 0 [Note] Shutting down plugin 'INNODB_CMPMEM_RESET'
2020-10-12T07:11:41.961684Z 0 [Note] Shutting down plugin 'INNODB_CMPMEM'
2020-10-12T07:11:41.962856Z 0 [Note] Shutting down plugin 'INNODB_CMP_RESET'
2020-10-12T07:11:41.963559Z 0 [Note] Shutting down plugin 'INNODB_CMP'
2020-10-12T07:11:41.964174Z 0 [Note] Shutting down plugin 'INNODB_LOCK_WAITS'
2020-10-12T07:11:41.965001Z 0 [Note] Shutting down plugin 'INNODB_LOCKS'
2020-10-12T07:11:41.965701Z 0 [Note] Shutting down plugin 'INNODB_TRX'
2020-10-12T07:11:41.966200Z 0 [Note] Shutting down plugin 'InnoDB'
2020-10-12T07:11:41.966735Z 0 [Note] InnoDB: FTS optimize thread exiting.
2020-10-12T07:11:41.967511Z 0 [Note] InnoDB: Starting shutdown...
2020-10-12T07:11:42.078788Z 0 [Note] InnoDB: Dumping buffer pool(s) to C:\public_html\data\mysql\ib_buffer_pool
2020-10-12T07:11:42.083744Z 0 [Note] InnoDB: Buffer pool(s) dump completed at 201012  9:11:42
2020-10-12T07:11:43.107972Z 0 [Note] InnoDB: Shutdown completed; log sequence number 3208508
2020-10-12T07:11:43.108760Z 0 [Note] InnoDB: Removed temporary tablespace data file: "ibtmp1"
2020-10-12T07:11:43.109402Z 0 [Note] Shutting down plugin 'MEMORY'
2020-10-12T07:11:43.109818Z 0 [Note] Shutting down plugin 'CSV'
2020-10-12T07:11:43.110212Z 0 [Note] Shutting down plugin 'sha256_password'
2020-10-12T07:11:43.110677Z 0 [Note] Shutting down plugin 'mysql_native_password'
2020-10-12T07:11:43.111322Z 0 [Note] Shutting down plugin 'binlog'
2020-10-12T07:11:43.118408Z 0 [Note] C:\Programmes\laragon\bin\mysql\mysql-5.7.24-winx64\bin\mysqld: Shutdown complete

